<?xml version="1.0" encoding="UTF-8"?>
<testng-results ignored="0" total="1" passed="1" failed="0" skipped="0">
  <reporter-output>
  </reporter-output>
  <suite started-at="2023-03-10T18:21:53 IST" name="Default suite" finished-at="2023-03-10T18:21:54 IST" duration-ms="75">
    <groups>
    </groups>
    <test started-at="2023-03-10T18:21:53 IST" name="Default test" finished-at="2023-03-10T18:21:54 IST" duration-ms="75">
      <class name="stringPrograms.PositionOfEachCharacter">
        <test-method signature="printUniqueValues()[pri:0, instance:stringPrograms.PositionOfEachCharacter@614ca7df]" started-at="2023-03-10T18:21:54 IST" name="printUniqueValues" finished-at="2023-03-10T18:21:54 IST" duration-ms="17" status="PASS">
          <reporter-output>
          </reporter-output>
        </test-method> <!-- printUniqueValues -->
      </class> <!-- stringPrograms.PositionOfEachCharacter -->
    </test> <!-- Default test -->
  </suite> <!-- Default suite -->
</testng-results>
